/Library/Frameworks/Python.framework/Versions/3.10/lib/python3.10/site-packages/yfinance/base.py:48: FutureWarning: The default dtype for empty Series will be 'object' instead of 'float64' in a future version. Specify a dtype explicitly to silence this warning.
  _empty_series = pd.Series()
[*********************100%%**********************]  1 of 1 completed
[*********************100%%**********************]  1 of 1 completed
[*********************100%%**********************]  1 of 1 completed
[*********************100%%**********************]  1 of 1 completed
[*********************100%%**********************]  1 of 1 completed
[*********************100%%**********************]  1 of 1 completed
Downloading data for SPY from 2006-01-01 to 2024-05-19...
Data for SPY saved to database.
Updating data for SPY from 2024-05-18 to 2024-05-19...
Data for SPY updated in the database.
Downloading data for ^VIX from 2006-01-01 to 2024-05-19...
Data for ^VIX saved to database.
Updating data for ^VIX from 2024-05-18 to 2024-05-19...
Data for ^VIX updated in the database.
Downloading data for SH from 2006-01-01 to 2024-05-19...
Data for SH saved to database.
Updating data for SH from 2024-05-18 to 2024-05-19...
Data for SH updated in the database.
Loading data for SPY from the database...
Loading data for ^VIX from the database...
Aligning SPY and VIX data...
Filling missing data if any...
Implementing strategy...
Implementing strategy...
Implementing strategy...
Implementing strategy...
Implementing strategy...
Implementing strategy...
Implementing strategy...
Implementing strategy...
Implementing strategy...
Implementing strategy...
Implementing strategy...
Implementing strategy...
Implementing strategy...
Implementing strategy...
Implementing strategy...
Implementing strategy...
Implementing strategy...
Implementing strategy...
Implementing strategy...
Implementing strategy...
Implementing strategy...
Implementing strategy...
Implementing strategy...
Implementing strategy...
Implementing strategy...
Implementing strategy...
Implementing strategy...
Implementing strategy...
Implementing strategy...
Implementing strategy...
Implementing strategy...
Implementing strategy...
Implementing strategy...
Implementing strategy...
Implementing strategy...
Implementing strategy...
Implementing strategy...
Implementing strategy...
Optimal Strategy Allocations:
VIX Level 0: SPY Allocation = 100.00%, SH Allocation = 0.00%
VIX Level 1: SPY Allocation = 100.00%, SH Allocation = 0.00%
VIX Level 2: SPY Allocation = 100.00%, SH Allocation = 0.00%
VIX Level 3: SPY Allocation = 100.00%, SH Allocation = 0.00%
VIX Level 4: SPY Allocation = 100.00%, SH Allocation = 0.00%
VIX Level 5: SPY Allocation = 100.00%, SH Allocation = 0.00%
VIX Level 6: SPY Allocation = 96.67%, SH Allocation = 3.33%
VIX Level 7: SPY Allocation = 93.33%, SH Allocation = 6.67%
VIX Level 8: SPY Allocation = 90.00%, SH Allocation = 10.00%
VIX Level 9: SPY Allocation = 86.67%, SH Allocation = 13.33%
VIX Level 10: SPY Allocation = 83.33%, SH Allocation = 16.67%
VIX Level 11: SPY Allocation = 80.00%, SH Allocation = 20.00%
VIX Level 12: SPY Allocation = 76.67%, SH Allocation = 23.33%
VIX Level 13: SPY Allocation = 73.33%, SH Allocation = 26.67%
VIX Level 14: SPY Allocation = 70.00%, SH Allocation = 30.00%
VIX Level 15: SPY Allocation = 66.67%, SH Allocation = 33.33%
VIX Level 16: SPY Allocation = 63.33%, SH Allocation = 36.67%
VIX Level 17: SPY Allocation = 60.00%, SH Allocation = 40.00%
VIX Level 18: SPY Allocation = 56.67%, SH Allocation = 43.33%
VIX Level 19: SPY Allocation = 53.33%, SH Allocation = 46.67%
VIX Level 20: SPY Allocation = 50.00%, SH Allocation = 50.00%
VIX Level 21: SPY Allocation = 46.67%, SH Allocation = 53.33%
VIX Level 22: SPY Allocation = 43.33%, SH Allocation = 56.67%
VIX Level 23: SPY Allocation = 40.00%, SH Allocation = 60.00%
VIX Level 24: SPY Allocation = 36.67%, SH Allocation = 63.33%
VIX Level 25: SPY Allocation = 33.33%, SH Allocation = 66.67%
VIX Level 26: SPY Allocation = 30.00%, SH Allocation = 70.00%
VIX Level 27: SPY Allocation = 26.67%, SH Allocation = 73.33%
VIX Level 28: SPY Allocation = 23.33%, SH Allocation = 76.67%
VIX Level 29: SPY Allocation = 20.00%, SH Allocation = 80.00%
VIX Level 30: SPY Allocation = 16.67%, SH Allocation = 83.33%
VIX Level 31: SPY Allocation = 13.33%, SH Allocation = 86.67%
VIX Level 32: SPY Allocation = 10.00%, SH Allocation = 90.00%
VIX Level 33: SPY Allocation = 6.67%, SH Allocation = 93.33%
VIX Level 34: SPY Allocation = 3.33%, SH Allocation = 96.67%
VIX Level 35: SPY Allocation = 0.00%, SH Allocation = 100.00%
VIX Level 36: SPY Allocation = 0.00%, SH Allocation = 100.00%
Implementing strategy...

SPY Daily Returns for the past 30 days:
             Adj Close  Daily Return  ...  SH Allocation  Portfolio Return
Date                                  ...                                 
2024-04-09  519.320007      0.001157  ...           0.00          0.001157
2024-04-10  514.119995     -0.010013  ...           0.00         -0.010013
2024-04-11  518.000000      0.007547  ...           0.00          0.007547
2024-04-12  510.850006     -0.013803  ...           0.00         -0.013803
2024-04-15  504.450012     -0.012528  ...           0.00         -0.012528
2024-04-16  503.529999     -0.001824  ...           0.00         -0.001824
2024-04-17  500.549988     -0.005918  ...           0.00         -0.005918
2024-04-18  499.519989     -0.002058  ...          43.33         -0.001166
2024-04-19  495.160004     -0.008728  ...           0.00         -0.008728
2024-04-22  499.720001      0.009209  ...           0.00          0.009209
2024-04-23  505.649994      0.011867  ...           0.00          0.011867
2024-04-24  505.410004     -0.000475  ...           0.00         -0.000475
2024-04-25  503.489990     -0.003799  ...           0.00         -0.003799
2024-04-26  508.260010      0.009474  ...           0.00          0.009474
2024-04-29  510.059998      0.003541  ...           0.00          0.003541
2024-04-30  501.980011     -0.015841  ...           0.00         -0.015841
2024-05-01  500.350006     -0.003247  ...           0.00         -0.003247
2024-05-02  505.029999      0.009353  ...           0.00          0.009353
2024-05-03  511.290009      0.012395  ...           0.00          0.012395
2024-05-06  516.570007      0.010327  ...           0.00          0.010327
2024-05-07  517.140015      0.001103  ...           0.00          0.001103
2024-05-08  517.190002      0.000097  ...          26.67          0.000071
2024-05-09  520.169983      0.005762  ...           0.00          0.005762
2024-05-10  520.840027      0.001288  ...           0.00          0.001288
2024-05-13  520.909973      0.000134  ...           0.00          0.000134
2024-05-14  523.299988      0.004588  ...           0.00          0.004588
2024-05-15  529.780029      0.012383  ...           0.00          0.012383
2024-05-16  528.690002     -0.002058  ...           0.00         -0.002058
2024-05-17  529.450012      0.001438  ...           0.00          0.001438
2024-05-17  529.450012      0.000000  ...           0.00          0.000000

[30 rows x 5 columns]
Data update and preparation complete. Prepared data saved to CSV files.

Sharpe Ratio for the optimized strategy: 0.06054512321261926
Traceback (most recent call last):
  File "/Users/jordanukawoko/Library/Mobile Documents/com~apple~CloudDocs/Auto-Adjusting/Auto-Adjusting/data_scripts/vix-spy.py", line 205, in <module>
    time.sleep(1)
KeyboardInterrupt
/Library/Frameworks/Python.framework/Versions/3.10/lib/python3.10/site-packages/yfinance/base.py:48: FutureWarning: The default dtype for empty Series will be 'object' instead of 'float64' in a future version. Specify a dtype explicitly to silence this warning.
  _empty_series = pd.Series()
[*********************100%%**********************]  1 of 1 completed
[*********************100%%**********************]  1 of 1 completed
[*********************100%%**********************]  1 of 1 completed
[*********************100%%**********************]  1 of 1 completed
[*********************100%%**********************]  1 of 1 completed
[*********************100%%**********************]  1 of 1 completed
