2024-05-18 00:09:39,313 - INFO - Data for SPY saved to database.
2024-05-18 00:09:39,314 - ERROR - Error updating data for SPY: unconverted data remains:  00:00:00.000000
2024-05-18 00:09:39,509 - INFO - Data for ^VIX saved to database.
2024-05-18 00:09:39,509 - ERROR - Error updating data for ^VIX: unconverted data remains:  00:00:00.000000
2024-05-18 00:18:13,992 - INFO - Data for SPY saved to database.
2024-05-18 00:18:13,992 - ERROR - Error updating data for SPY: unconverted data remains:  00:00:00.000000
2024-05-18 00:18:14,197 - INFO - Data for ^VIX saved to database.
2024-05-18 00:18:14,198 - ERROR - Error updating data for ^VIX: unconverted data remains:  00:00:00.000000
2024-05-18 00:20:14,479 - INFO - Data for SPY saved to database.
2024-05-18 00:20:14,480 - ERROR - Error updating data for SPY: unconverted data remains:  00:00:00.000000
2024-05-18 00:20:14,689 - INFO - Data for ^VIX saved to database.
2024-05-18 00:20:14,690 - ERROR - Error updating data for ^VIX: unconverted data remains:  00:00:00.000000
2024-05-18 00:21:52,891 - INFO - Data for SPY saved to database.
2024-05-18 00:21:52,892 - ERROR - Error updating data for SPY: unconverted data remains:  00:00:00.000000
2024-05-18 00:21:53,120 - INFO - Data for ^VIX saved to database.
2024-05-18 00:21:53,120 - ERROR - Error updating data for ^VIX: unconverted data remains:  00:00:00.000000
2024-05-18 00:21:53,287 - INFO - Data update and preparation complete. Prepared data saved to CSV files.
2024-05-18 00:23:57,766 - INFO - Data for SPY saved to database.
2024-05-18 00:23:59,692 - ERROR - 
1 Failed download:
2024-05-18 00:23:59,692 - ERROR - ['SPY']: Exception("%ticker%: Data doesn't exist for startDate = 1716004800, endDate = 1716004800")
2024-05-18 00:23:59,695 - INFO - Data for SPY updated in the database.
2024-05-18 00:24:00,006 - INFO - Data for ^VIX saved to database.
2024-05-18 00:24:00,086 - ERROR - 
1 Failed download:
2024-05-18 00:24:00,086 - ERROR - ['^VIX']: Exception("%ticker%: Data doesn't exist for startDate = 1716008400, endDate = 1716008400")
2024-05-18 00:24:00,089 - INFO - Data for ^VIX updated in the database.
2024-05-18 00:24:00,368 - INFO - Data update and preparation complete. Prepared data saved to CSV files.
